This file contains any messages produced by compilers while
running configure, to aid debugging if configure makes a mistake.

It was created by adolc configure 2.7.0-trunk, which was
generated by GNU Autoconf 2.72.  Invocation command line was

  $ ./configure

## --------- ##
## Platform. ##
## --------- ##

hostname = jinsens-mbp.lan
uname -m = arm64
uname -r = 23.4.0
uname -s = Darwin
uname -v = Darwin Kernel Version 23.4.0: Fri Mar 15 00:10:42 PDT 2024; root:xnu-10063.101.17~1/RELEASE_ARM64_T6000

/usr/bin/uname -p = arm
/bin/uname -X     = unknown

/bin/arch              = unknown
/usr/bin/arch -k       = unknown
/usr/convex/getsysinfo = unknown
/usr/bin/hostinfo      = Mach kernel version:
	 Darwin Kernel Version 23.4.0: Fri Mar 15 00:10:42 PDT 2024; root:xnu-10063.101.17~1/RELEASE_ARM64_T6000
Kernel configured for up to 10 processors.
10 processors are physically available.
10 processors are logically available.
Processor type: arm64e (ARM64E)
Processors active: 0 1 2 3 4 5 6 7 8 9
Primary memory available: 32.00 gigabytes
Default processor set: 829 tasks, 4533 threads, 10 processors
Load average: 3.77, Mach factor: 6.56
/bin/machine           = unknown
/usr/bin/oslevel       = unknown
/bin/universe          = unknown

PATH: /Users/jinsenwu/anaconda3/bin/
PATH: /Users/jinsenwu/anaconda3/condabin/
PATH: /opt/homebrew/bin/
PATH: /usr/local/bin/
PATH: /System/Cryptexes/App/usr/bin/
PATH: /usr/bin/
PATH: /bin/
PATH: /usr/sbin/
PATH: /sbin/
PATH: /Library/Apple/usr/bin/
PATH: /var/run/com.apple.security.cryptexd/codex.system/bootstrap/usr/local/bin/
PATH: /var/run/com.apple.security.cryptexd/codex.system/bootstrap/usr/bin/
PATH: /var/run/com.apple.security.cryptexd/codex.system/bootstrap/usr/appleinternal/bin/


## ----------- ##
## Core tests. ##
## ----------- ##

configure:3269: looking for aux files: config.guess config.sub ltmain.sh compile missing install-sh
configure:3282:  trying ./autoconf/
configure:3311:   ./autoconf/config.guess found
configure:3311:   ./autoconf/config.sub found
configure:3311:   ./autoconf/ltmain.sh found
configure:3311:   ./autoconf/compile found
configure:3311:   ./autoconf/missing found
configure:3293:   ./autoconf/install-sh found
configure:3449: checking for a BSD-compatible install
configure:3523: result: /usr/bin/install -c
configure:3534: checking whether build environment is sane
configure:3589: result: yes
configure:3750: checking for a race-free mkdir -p
configure:3793: result: mkdir -p
configure:3800: checking for gawk
configure:3836: result: no
configure:3800: checking for mawk
configure:3836: result: no
configure:3800: checking for nawk
configure:3836: result: no
configure:3800: checking for awk
configure:3821: found /usr/bin/awk
configure:3833: result: awk
configure:3844: checking whether make sets $(MAKE)
configure:3868: result: yes
configure:3898: checking whether make supports nested variables
configure:3917: result: yes
configure:4065: checking whether make supports nested variables
configure:4084: result: yes
configure:4128: checking whether to build ADOL-C with adjoinable MPI (AMPI) support
configure:4139: result: no
configure:4155: checking whether to build ADOL-C with MeDiPack (MPI) support
configure:4166: result: no
configure:4254: checking for g++
configure:4275: found /usr/bin/g++
configure:4287: result: g++
configure:4314: checking for C++ compiler version
configure:4323: g++ --version >&5
Apple clang version 15.0.0 (clang-1500.3.9.4)
Target: arm64-apple-darwin23.4.0
Thread model: posix
InstalledDir: /Applications/Xcode.app/Contents/Developer/Toolchains/XcodeDefault.xctoolchain/usr/bin
configure:4334: $? = 0
configure:4323: g++ -v >&5
Apple clang version 15.0.0 (clang-1500.3.9.4)
Target: arm64-apple-darwin23.4.0
Thread model: posix
InstalledDir: /Applications/Xcode.app/Contents/Developer/Toolchains/XcodeDefault.xctoolchain/usr/bin
configure:4334: $? = 0
configure:4323: g++ -V >&5
clang: error: argument to '-V' is missing (expected 1 value)
clang: error: no input files
configure:4334: $? = 1
configure:4323: g++ -qversion >&5
clang: error: unknown argument '-qversion'; did you mean '--version'?
clang: error: no input files
configure:4334: $? = 1
configure:4354: checking whether the C++ compiler works
configure:4376: g++    conftest.cpp  >&5
configure:4380: $? = 0
configure:4431: result: yes
configure:4435: checking for C++ compiler default output file name
configure:4437: result: a.out
configure:4443: checking for suffix of executables
configure:4450: g++ -o conftest    conftest.cpp  >&5
configure:4454: $? = 0
configure:4478: result: 
configure:4502: checking whether we are cross compiling
configure:4510: g++ -o conftest    conftest.cpp  >&5
configure:4514: $? = 0
configure:4521: ./conftest
configure:4525: $? = 0
configure:4540: result: no
configure:4546: checking for suffix of object files
configure:4569: g++ -c   conftest.cpp >&5
configure:4573: $? = 0
configure:4597: result: o
configure:4601: checking whether the compiler supports GNU C++
configure:4621: g++ -c   conftest.cpp >&5
configure:4621: $? = 0
configure:4633: result: yes
configure:4644: checking whether g++ accepts -g
configure:4665: g++ -c -g  conftest.cpp >&5
configure:4665: $? = 0
configure:4712: result: yes
configure:4732: checking for g++ option to enable C++11 features
configure:4747: g++  -c -g -O2  conftest.cpp >&5
conftest.cpp:57:3: error: "Compiler does not advertise C++11 conformance"
# error "Compiler does not advertise C++11 conformance"
  ^
conftest.cpp:62:3: error: unknown type name 'constexpr'
  constexpr int get_val() { return 20; }
  ^
conftest.cpp:74:17: error: delegating constructors are permitted only in C++11
    delegate(): delegate(2354) {}
                ^~~~~~~~
conftest.cpp:85:26: warning: 'override' keyword is a C++11 extension [-Wc++11-extensions]
    virtual int getval() override final { return this->n * 2; }
                         ^
conftest.cpp:85:35: warning: 'final' keyword is a C++11 extension [-Wc++11-extensions]
    virtual int getval() override final { return this->n * 2; }
                                  ^
conftest.cpp:92:16: warning: defaulted function definitions are a C++11 extension [-Wc++11-extensions]
    nocopy() = default;
               ^
conftest.cpp:93:29: warning: deleted function definitions are a C++11 extension [-Wc++11-extensions]
    nocopy(const nocopy&) = delete;
                            ^
conftest.cpp:94:41: warning: deleted function definitions are a C++11 extension [-Wc++11-extensions]
    nocopy & operator=(const nocopy&) = delete;
                                        ^
conftest.cpp:106:25: warning: 'auto' type specifier is a C++11 extension [-Wc++11-extensions]
  template <typename V> auto sum(V first) -> V
                        ^
conftest.cpp:106:25: error: 'auto' not allowed in function return type
  template <typename V> auto sum(V first) -> V
                        ^~~~
conftest.cpp:106:42: error: expected ';' at end of declaration
  template <typename V> auto sum(V first) -> V
                                         ^
                                         ;
conftest.cpp:106:43: error: cannot use arrow operator on a type
  template <typename V> auto sum(V first) -> V
                                          ^
conftest.cpp:110:33: warning: variadic templates are a C++11 extension [-Wc++11-extensions]
  template <typename V, typename... Args> auto sum(V first, Args... rest) -> V
                                ^
conftest.cpp:110:43: warning: 'auto' type specifier is a C++11 extension [-Wc++11-extensions]
  template <typename V, typename... Args> auto sum(V first, Args... rest) -> V
                                          ^
conftest.cpp:110:43: error: 'auto' not allowed in function return type
  template <typename V, typename... Args> auto sum(V first, Args... rest) -> V
                                          ^~~~
conftest.cpp:110:74: error: expected ';' at end of declaration
  template <typename V, typename... Args> auto sum(V first, Args... rest) -> V
                                                                         ^
                                                                         ;
conftest.cpp:110:75: error: cannot use arrow operator on a type
  template <typename V, typename... Args> auto sum(V first, Args... rest) -> V
                                                                          ^
conftest.cpp:134:3: warning: 'auto' type specifier is a C++11 extension [-Wc++11-extensions]
  auto a1 = 6538;
  ^
conftest.cpp:135:3: warning: 'auto' type specifier is a C++11 extension [-Wc++11-extensions]
  auto a2 = 48573953.4;
  ^
conftest.cpp:136:3: warning: 'auto' type specifier is a C++11 extension [-Wc++11-extensions]
  auto a3 = "String literal";
  ^
conftest.cpp:139:8: warning: 'auto' type specifier is a C++11 extension [-Wc++11-extensions]
  for (auto i = a3; *i; ++i) { total += *i; }
       ^
conftest.cpp:155:8: warning: 'auto' type specifier is a C++11 extension [-Wc++11-extensions]
  for (auto &x : array) { x += 23; }
       ^
conftest.cpp:155:16: warning: range-based for loop is a C++11 extension [-Wc++11-extensions]
  for (auto &x : array) { x += 23; }
               ^
conftest.cpp:160:17: error: expected expression
  assert (eval ([](int x) { return x*2; }, 21) == 42);
                ^
conftest.cpp:162:17: error: expected expression
  assert (eval ([&](double x) { return d += x; }, 3.0) == 5.0);
                ^
conftest.cpp:164:17: error: expected expression
  assert (eval ([=](double x) mutable { return d += x; }, 4.0) == 9.0);
                ^
conftest.cpp:170:3: warning: 'auto' type specifier is a C++11 extension [-Wc++11-extensions]
  auto a = sum(1);
  ^
conftest.cpp:170:12: error: no matching function for call to 'sum'
  auto a = sum(1);
           ^~~
conftest.cpp:171:3: warning: 'auto' type specifier is a C++11 extension [-Wc++11-extensions]
  auto b = sum(1, 2);
  ^
conftest.cpp:171:12: error: no matching function for call to 'sum'
  auto b = sum(1, 2);
           ^~~
conftest.cpp:172:3: warning: 'auto' type specifier is a C++11 extension [-Wc++11-extensions]
  auto c = sum(1.0, 2.0, 3.0);
  ^
conftest.cpp:172:12: error: no matching function for call to 'sum'
  auto c = sum(1.0, 2.0, 3.0);
           ^~~
conftest.cpp:177:25: warning: empty parentheses interpreted as a function declaration [-Wvexing-parse]
  cxx11test::delegate d2();
                        ^~
conftest.cpp:177:25: note: remove parentheses to declare a variable
  cxx11test::delegate d2();
                        ^~
conftest.cpp:190:16: error: found '<::' after a template name which forms the digraph '<:' (aka '[') and a ':', did you mean '< ::'?
  test_template<::test_template<int>> v(test_template<int>(12));
               ^~~
               < ::
conftest.cpp:190:36: error: a space is required between consecutive right angle brackets (use '> >')
  test_template<::test_template<int>> v(test_template<int>(12));
                                   ^~
                                   > >
conftest.cpp:194:22: error: use of undeclared identifier 'u8'
  char const *utf8 = u8"UTF-8 string \u2500";
                     ^
conftest.cpp:194:24: error: expected ';' at end of declaration
  char const *utf8 = u8"UTF-8 string \u2500";
                       ^
                       ;
fatal error: too many errors emitted, stopping now [-ferror-limit=]
18 warnings and 20 errors generated.
configure:4747: $? = 1
configure: failed program was:
| /* confdefs.h */
| #define PACKAGE_NAME "adolc"
| #define PACKAGE_TARNAME "adolc"
| #define PACKAGE_VERSION "2.7.0-trunk"
| #define PACKAGE_STRING "adolc 2.7.0-trunk"
| #define PACKAGE_BUGREPORT "adol-c@list.coin-or.org"
| #define PACKAGE_URL ""
| #define PACKAGE "adolc"
| #define VERSION "2.7.0-trunk"
| /* end confdefs.h.  */
| 
| // Does the compiler advertise C++98 conformance?
| #if !defined __cplusplus || __cplusplus < 199711L
| # error "Compiler does not advertise C++98 conformance"
| #endif
| 
| // These inclusions are to reject old compilers that
| // lack the unsuffixed header files.
| #include <cstdlib>
| #include <exception>
| 
| // <cassert> and <cstring> are *not* freestanding headers in C++98.
| extern void assert (int);
| namespace std {
|   extern int strcmp (const char *, const char *);
| }
| 
| // Namespaces, exceptions, and templates were all added after "C++ 2.0".
| using std::exception;
| using std::strcmp;
| 
| namespace {
| 
| void test_exception_syntax()
| {
|   try {
|     throw "test";
|   } catch (const char *s) {
|     // Extra parentheses suppress a warning when building autoconf itself,
|     // due to lint rules shared with more typical C programs.
|     assert (!(strcmp) (s, "test"));
|   }
| }
| 
| template <typename T> struct test_template
| {
|   T const val;
|   explicit test_template(T t) : val(t) {}
|   template <typename U> T add(U u) { return static_cast<T>(u) + val; }
| };
| 
| } // anonymous namespace
| 
| 
| // Does the compiler advertise C++ 2011 conformance?
| #if !defined __cplusplus || __cplusplus < 201103L
| # error "Compiler does not advertise C++11 conformance"
| #endif
| 
| namespace cxx11test
| {
|   constexpr int get_val() { return 20; }
| 
|   struct testinit
|   {
|     int i;
|     double d;
|   };
| 
|   class delegate
|   {
|   public:
|     delegate(int n) : n(n) {}
|     delegate(): delegate(2354) {}
| 
|     virtual int getval() { return this->n; };
|   protected:
|     int n;
|   };
| 
|   class overridden : public delegate
|   {
|   public:
|     overridden(int n): delegate(n) {}
|     virtual int getval() override final { return this->n * 2; }
|   };
| 
|   class nocopy
|   {
|   public:
|     nocopy(int i): i(i) {}
|     nocopy() = default;
|     nocopy(const nocopy&) = delete;
|     nocopy & operator=(const nocopy&) = delete;
|   private:
|     int i;
|   };
| 
|   // for testing lambda expressions
|   template <typename Ret, typename Fn> Ret eval(Fn f, Ret v)
|   {
|     return f(v);
|   }
| 
|   // for testing variadic templates and trailing return types
|   template <typename V> auto sum(V first) -> V
|   {
|     return first;
|   }
|   template <typename V, typename... Args> auto sum(V first, Args... rest) -> V
|   {
|     return first + sum(rest...);
|   }
| }
| 
| 
| int
| main (int argc, char **argv)
| {
|   int ok = 0;
|   
|   assert (argc);
|   assert (! argv[0]);
| {
|   test_exception_syntax ();
|   test_template<double> tt (2.0);
|   assert (tt.add (4) == 6.0);
|   assert (true && !false);
| }
| 
|   
| {
|   // Test auto and decltype
|   auto a1 = 6538;
|   auto a2 = 48573953.4;
|   auto a3 = "String literal";
| 
|   int total = 0;
|   for (auto i = a3; *i; ++i) { total += *i; }
| 
|   decltype(a2) a4 = 34895.034;
| }
| {
|   // Test constexpr
|   short sa[cxx11test::get_val()] = { 0 };
| }
| {
|   // Test initializer lists
|   cxx11test::testinit il = { 4323, 435234.23544 };
| }
| {
|   // Test range-based for
|   int array[] = {9, 7, 13, 15, 4, 18, 12, 10, 5, 3,
|                  14, 19, 17, 8, 6, 20, 16, 2, 11, 1};
|   for (auto &x : array) { x += 23; }
| }
| {
|   // Test lambda expressions
|   using cxx11test::eval;
|   assert (eval ([](int x) { return x*2; }, 21) == 42);
|   double d = 2.0;
|   assert (eval ([&](double x) { return d += x; }, 3.0) == 5.0);
|   assert (d == 5.0);
|   assert (eval ([=](double x) mutable { return d += x; }, 4.0) == 9.0);
|   assert (d == 5.0);
| }
| {
|   // Test use of variadic templates
|   using cxx11test::sum;
|   auto a = sum(1);
|   auto b = sum(1, 2);
|   auto c = sum(1.0, 2.0, 3.0);
| }
| {
|   // Test constructor delegation
|   cxx11test::delegate d1;
|   cxx11test::delegate d2();
|   cxx11test::delegate d3(45);
| }
| {
|   // Test override and final
|   cxx11test::overridden o1(55464);
| }
| {
|   // Test nullptr
|   char *c = nullptr;
| }
| {
|   // Test template brackets
|   test_template<::test_template<int>> v(test_template<int>(12));
| }
| {
|   // Unicode literals
|   char const *utf8 = u8"UTF-8 string \u2500";
|   char16_t const *utf16 = u"UTF-8 string \u2500";
|   char32_t const *utf32 = U"UTF-32 string \u2500";
| }
| 
|   return ok;
| }
| 
configure:4747: g++ -std=gnu++11 -c -g -O2  conftest.cpp >&5
conftest.cpp:177:25: warning: empty parentheses interpreted as a function declaration [-Wvexing-parse]
  cxx11test::delegate d2();
                        ^~
conftest.cpp:177:25: note: remove parentheses to declare a variable
  cxx11test::delegate d2();
                        ^~
1 warning generated.
configure:4747: $? = 0
configure:4769: result: -std=gnu++11
configure:4838: checking whether make supports the include directive
configure:4853: make -f confmf.GNU && cat confinc.out
this is the am__doit target
configure:4856: $? = 0
configure:4875: result: yes (GNU style)
configure:4901: checking dependency style of g++ -std=gnu++11
configure:5014: result: gcc3
configure:5037: checking whether g++ -std=gnu++11 supports C++11 features by default
configure:5064: g++ -std=gnu++11 -c -g -O2  conftest.cpp >&5
configure:5064: $? = 0
configure:5074: result: yes
configure:5223: checking for gcc
configure:5244: found /usr/bin/gcc
configure:5256: result: gcc
configure:5615: checking for C compiler version
configure:5624: gcc --version >&5
Apple clang version 15.0.0 (clang-1500.3.9.4)
Target: arm64-apple-darwin23.4.0
Thread model: posix
InstalledDir: /Applications/Xcode.app/Contents/Developer/Toolchains/XcodeDefault.xctoolchain/usr/bin
configure:5635: $? = 0
configure:5624: gcc -v >&5
Apple clang version 15.0.0 (clang-1500.3.9.4)
Target: arm64-apple-darwin23.4.0
Thread model: posix
InstalledDir: /Applications/Xcode.app/Contents/Developer/Toolchains/XcodeDefault.xctoolchain/usr/bin
configure:5635: $? = 0
configure:5624: gcc -V >&5
clang: error: argument to '-V' is missing (expected 1 value)
clang: error: no input files
configure:5635: $? = 1
configure:5624: gcc -qversion >&5
clang: error: unknown argument '-qversion'; did you mean '--version'?
clang: error: no input files
configure:5635: $? = 1
configure:5624: gcc -version >&5
clang: error: unknown argument '-version'; did you mean '--version'?
clang: error: no input files
configure:5635: $? = 1
configure:5639: checking whether the compiler supports GNU C
configure:5659: gcc -c   conftest.c >&5
configure:5659: $? = 0
configure:5671: result: yes
configure:5682: checking whether gcc accepts -g
configure:5703: gcc -c -g  conftest.c >&5
configure:5703: $? = 0
configure:5750: result: yes
configure:5770: checking for gcc option to enable C11 features
configure:5785: gcc  -c -g -O2  conftest.c >&5
configure:5785: $? = 0
configure:5804: result: none needed
configure:5928: checking whether gcc understands -c and -o together
configure:5951: gcc -c conftest.c -o conftest2.o
configure:5954: $? = 0
configure:5951: gcc -c conftest.c -o conftest2.o
configure:5954: $? = 0
configure:5967: result: yes
configure:5986: checking dependency style of gcc
configure:6099: result: gcc3
configure:6121: checking whether gcc and cc understand -c and -o together
configure:6153: gcc -c conftest.c -o conftest2.o >&5
configure:6157: $? = 0
configure:6163: gcc -c conftest.c -o conftest2.o >&5
configure:6167: $? = 0
configure:6178: cc -c conftest.c >&5
configure:6182: $? = 0
configure:6190: cc -c conftest.c -o conftest2.o >&5
configure:6194: $? = 0
configure:6200: cc -c conftest.c -o conftest2.o >&5
configure:6204: $? = 0
configure:6223: result: yes
configure:6245: checking how to run the C preprocessor
configure:6271: gcc -E  conftest.c
configure:6271: $? = 0
configure:6287: gcc -E  conftest.c
conftest.c:12:10: fatal error: 'ac_nonexistent.h' file not found
#include <ac_nonexistent.h>
         ^~~~~~~~~~~~~~~~~~
1 error generated.
configure:6287: $? = 1
configure: failed program was:
| /* confdefs.h */
| #define PACKAGE_NAME "adolc"
| #define PACKAGE_TARNAME "adolc"
| #define PACKAGE_VERSION "2.7.0-trunk"
| #define PACKAGE_STRING "adolc 2.7.0-trunk"
| #define PACKAGE_BUGREPORT "adol-c@list.coin-or.org"
| #define PACKAGE_URL ""
| #define PACKAGE "adolc"
| #define VERSION "2.7.0-trunk"
| #define HAVE_CXX11 1
| /* end confdefs.h.  */
| #include <ac_nonexistent.h>
configure:6316: result: gcc -E
configure:6330: gcc -E  conftest.c
configure:6330: $? = 0
configure:6346: gcc -E  conftest.c
conftest.c:12:10: fatal error: 'ac_nonexistent.h' file not found
#include <ac_nonexistent.h>
         ^~~~~~~~~~~~~~~~~~
1 error generated.
configure:6346: $? = 1
configure: failed program was:
| /* confdefs.h */
| #define PACKAGE_NAME "adolc"
| #define PACKAGE_TARNAME "adolc"
| #define PACKAGE_VERSION "2.7.0-trunk"
| #define PACKAGE_STRING "adolc 2.7.0-trunk"
| #define PACKAGE_BUGREPORT "adol-c@list.coin-or.org"
| #define PACKAGE_URL ""
| #define PACKAGE "adolc"
| #define VERSION "2.7.0-trunk"
| #define HAVE_CXX11 1
| /* end confdefs.h.  */
| #include <ac_nonexistent.h>
configure:6379: checking whether ln -s works
configure:6383: result: yes
configure:6390: checking whether make sets $(MAKE)
configure:6414: result: yes
configure:6455: checking build system type
configure:6471: result: aarch64-apple-darwin23.4.0
configure:6491: checking host system type
configure:6506: result: aarch64-apple-darwin23.4.0
configure:6547: checking how to print strings
configure:6574: result: printf
configure:6595: checking for a sed that does not truncate output
configure:6667: result: /usr/bin/sed
configure:6685: checking for grep that handles long lines and -e
configure:6751: result: /usr/bin/grep
configure:6756: checking for egrep
configure:6826: result: /usr/bin/grep -E
configure:6833: checking for fgrep
configure:6903: result: /usr/bin/grep -F
configure:6940: checking for ld used by gcc
configure:7009: result: /Applications/Xcode.app/Contents/Developer/Toolchains/XcodeDefault.xctoolchain/usr/bin/ld
configure:7016: checking if the linker (/Applications/Xcode.app/Contents/Developer/Toolchains/XcodeDefault.xctoolchain/usr/bin/ld) is GNU ld
configure:7033: result: no
configure:7045: checking for BSD- or MS-compatible name lister (nm)
configure:7101: result: /usr/bin/nm -B
configure:7243: checking the name lister (/usr/bin/nm -B) interface
configure:7251: gcc -c -g -O2  conftest.c >&5
configure:7254: /usr/bin/nm -B "conftest.o"
configure:7257: output
0000000000000278 S _some_variable
0000000000000000 t ltmp0
0000000000000278 s ltmp1
configure:7265: result: BSD nm
configure:7269: checking the maximum length of command line arguments
configure:7402: result: 786432
configure:7450: checking how to convert aarch64-apple-darwin23.4.0 file names to aarch64-apple-darwin23.4.0 format
configure:7492: result: func_convert_file_noop
configure:7499: checking how to convert aarch64-apple-darwin23.4.0 file names to toolchain format
configure:7521: result: func_convert_file_noop
configure:7528: checking for /Applications/Xcode.app/Contents/Developer/Toolchains/XcodeDefault.xctoolchain/usr/bin/ld option to reload object files
configure:7537: result: -r
configure:7617: checking for file
configure:7638: found /usr/bin/file
configure:7650: result: file
configure:7727: checking for objdump
configure:7748: found /usr/bin/objdump
configure:7760: result: objdump
configure:7789: checking how to recognize dependent libraries
configure:7991: result: pass_all
configure:8082: checking for dlltool
configure:8118: result: no
configure:8145: checking how to associate runtime and link libraries
configure:8174: result: printf %s\n
configure:8241: checking for ar
configure:8262: found /Users/jinsenwu/anaconda3/bin/ar
configure:8274: result: ar
configure:8327: checking for archiver @FILE support
configure:8345: gcc -c -g -O2  conftest.c >&5
configure:8345: $? = 0
configure:8349: ar cr libconftest.a @conftest.lst >&5
ar: @conftest.lst: No such file or directory
configure:8352: $? = 1
configure:8373: result: no
configure:8437: checking for strip
configure:8458: found /Users/jinsenwu/anaconda3/bin/strip
configure:8470: result: strip
configure:8548: checking for ranlib
configure:8569: found /Users/jinsenwu/anaconda3/bin/ranlib
configure:8581: result: ranlib
configure:8683: checking command to parse /usr/bin/nm -B output from gcc object
configure:8837: gcc -c -g -O2  conftest.c >&5
configure:8840: $? = 0
configure:8844: /usr/bin/nm -B conftest.o \| /usr/bin/sed -n -e 's/^.*[ ]\([ABCDGIRSTW][ABCDGIRSTW]*\)[ ][ ]*\([_A-Za-z][_A-Za-z0-9]*\)$/\1 \2 \2/p' | /usr/bin/sed '/ __gnu_lto/d' \> conftest.nm
configure:8847: $? = 0
cannot find nm_test_var in conftest.nm
configure:8837: gcc -c -g -O2  conftest.c >&5
configure:8840: $? = 0
configure:8844: /usr/bin/nm -B conftest.o \| /usr/bin/sed -n -e 's/^.*[ ]\([ABCDGIRSTW][ABCDGIRSTW]*\)[ ][ ]*_\([_A-Za-z][_A-Za-z0-9]*\)$/\1 _\2 \2/p' | /usr/bin/sed '/ __gnu_lto/d' \> conftest.nm
configure:8847: $? = 0
configure:8913: gcc -o conftest -g -O2   conftest.c conftstm.o >&5
configure:8916: $? = 0
configure:8955: result: ok
configure:9002: checking for sysroot
configure:9034: result: no
configure:9041: checking for a working dd
configure:9086: result: /bin/dd
configure:9090: checking how to truncate binary pipes
configure:9107: result: /bin/dd bs=4096 count=1
configure:9447: checking for mt
configure:9483: result: no
configure:9503: checking if : is a manifest tool
configure:9510: : '-?'
configure:9519: result: no
configure:9581: checking for dsymutil
configure:9602: found /usr/bin/dsymutil
configure:9614: result: dsymutil
configure:9685: checking for nmedit
configure:9706: found /Users/jinsenwu/anaconda3/bin/nmedit
configure:9718: result: nmedit
configure:9789: checking for lipo
configure:9810: found /Users/jinsenwu/anaconda3/bin/lipo
configure:9822: result: lipo
configure:9893: checking for otool
configure:9914: found /Users/jinsenwu/anaconda3/bin/otool
configure:9926: result: otool
configure:9997: checking for otool64
configure:10033: result: no
configure:10078: checking for -single_module linker flag
gcc -g -O2  -o libconftest.dylib -dynamiclib -Wl,-single_module conftest.c
ld: warning: -single_module is obsolete
configure:10113: result: no
configure:10116: checking for -exported_symbols_list linker flag
configure:10137: gcc -o conftest -g -O2   -Wl,-exported_symbols_list,conftest.sym conftest.c  >&5
configure:10137: $? = 0
configure:10150: result: yes
configure:10153: checking for -force_load linker flag
gcc -g -O2 -c -o conftest.o conftest.c
ar cr libconftest.a conftest.o
ranlib libconftest.a
gcc -g -O2  -o conftest conftest.c -Wl,-force_load,./libconftest.a
configure:10187: result: yes
configure:10258: checking for stdio.h
configure:10258: gcc -c -g -O2  conftest.c >&5
configure:10258: $? = 0
configure:10258: result: yes
configure:10258: checking for stdlib.h
configure:10258: gcc -c -g -O2  conftest.c >&5
configure:10258: $? = 0
configure:10258: result: yes
configure:10258: checking for string.h
configure:10258: gcc -c -g -O2  conftest.c >&5
configure:10258: $? = 0
configure:10258: result: yes
configure:10258: checking for inttypes.h
configure:10258: gcc -c -g -O2  conftest.c >&5
configure:10258: $? = 0
configure:10258: result: yes
configure:10258: checking for stdint.h
configure:10258: gcc -c -g -O2  conftest.c >&5
configure:10258: $? = 0
configure:10258: result: yes
configure:10258: checking for strings.h
configure:10258: gcc -c -g -O2  conftest.c >&5
configure:10258: $? = 0
configure:10258: result: yes
configure:10258: checking for sys/stat.h
configure:10258: gcc -c -g -O2  conftest.c >&5
configure:10258: $? = 0
configure:10258: result: yes
configure:10258: checking for sys/types.h
configure:10258: gcc -c -g -O2  conftest.c >&5
configure:10258: $? = 0
configure:10258: result: yes
configure:10258: checking for unistd.h
configure:10258: gcc -c -g -O2  conftest.c >&5
configure:10258: $? = 0
configure:10258: result: yes
configure:10258: checking for sys/time.h
configure:10258: gcc -c -g -O2  conftest.c >&5
configure:10258: $? = 0
configure:10258: result: yes
configure:10283: checking for dlfcn.h
configure:10283: gcc -c -g -O2  conftest.c >&5
configure:10283: $? = 0
configure:10283: result: yes
configure:10890: checking for objdir
configure:10907: result: .libs
configure:11173: checking if gcc supports -fno-rtti -fno-exceptions
configure:11192: gcc -c -g -O2  -fno-rtti -fno-exceptions conftest.c >&5
configure:11196: $? = 0
configure:11210: result: yes
configure:11568: checking for gcc option to produce PIC
configure:11577: result: -fno-common -DPIC
configure:11585: checking if gcc PIC flag -fno-common -DPIC works
configure:11604: gcc -c -g -O2  -fno-common -DPIC -DPIC conftest.c >&5
configure:11608: $? = 0
configure:11622: result: yes
configure:11651: checking if gcc static flag -static works
configure:11681: result: no
configure:11696: checking if gcc supports -c -o file.o
configure:11718: gcc -c -g -O2  -o out/conftest2.o conftest.c >&5
configure:11722: $? = 0
configure:11745: result: yes
configure:11753: checking if gcc supports -c -o file.o
configure:11802: result: yes
configure:11835: checking whether the gcc linker (/Applications/Xcode.app/Contents/Developer/Toolchains/XcodeDefault.xctoolchain/usr/bin/ld) supports shared libraries
configure:13108: result: yes
configure:13350: checking dynamic linker characteristics
configure:14172: result: darwin23.4.0 dyld
configure:14294: checking how to hardcode library paths into programs
configure:14319: result: immediate
configure:14364: checking for dlopen in -ldl
configure:14393: gcc -o conftest -g -O2   conftest.c -ldl   >&5
configure:14393: $? = 0
configure:14405: result: yes
configure:14669: checking whether a program can dlopen itself
configure:14750: gcc -o conftest -g -O2  -DHAVE_DLFCN_H   conftest.c -ldl  >&5
configure:14753: $? = 0
configure:14772: result: yes
configure:14777: checking whether a statically linked program can dlopen itself
configure:14858: gcc -o conftest -g -O2  -DHAVE_DLFCN_H    conftest.c -ldl  >&5
configure:14861: $? = 0
configure:14880: result: yes
configure:14919: checking whether stripping libraries is possible
configure:14936: result: yes
configure:14970: checking if libtool supports shared libraries
configure:14972: result: yes
configure:14975: checking whether to build shared libraries
configure:15000: result: yes
configure:15003: checking whether to build static libraries
configure:15007: result: no
configure:15030: checking how to run the C++ preprocessor
configure:15052: g++ -std=gnu++11 -E  conftest.cpp
configure:15052: $? = 0
configure:15068: g++ -std=gnu++11 -E  conftest.cpp
conftest.cpp:25:10: fatal error: 'ac_nonexistent.h' file not found
#include <ac_nonexistent.h>
         ^~~~~~~~~~~~~~~~~~
1 error generated.
configure:15068: $? = 1
configure: failed program was:
| /* confdefs.h */
| #define PACKAGE_NAME "adolc"
| #define PACKAGE_TARNAME "adolc"
| #define PACKAGE_VERSION "2.7.0-trunk"
| #define PACKAGE_STRING "adolc 2.7.0-trunk"
| #define PACKAGE_BUGREPORT "adol-c@list.coin-or.org"
| #define PACKAGE_URL ""
| #define PACKAGE "adolc"
| #define VERSION "2.7.0-trunk"
| #define HAVE_CXX11 1
| #define HAVE_STDIO_H 1
| #define HAVE_STDLIB_H 1
| #define HAVE_STRING_H 1
| #define HAVE_INTTYPES_H 1
| #define HAVE_STDINT_H 1
| #define HAVE_STRINGS_H 1
| #define HAVE_SYS_STAT_H 1
| #define HAVE_SYS_TYPES_H 1
| #define HAVE_UNISTD_H 1
| #define HAVE_SYS_TIME_H 1
| #define STDC_HEADERS 1
| #define HAVE_DLFCN_H 1
| #define LT_OBJDIR ".libs/"
| /* end confdefs.h.  */
| #include <ac_nonexistent.h>
configure:15097: result: g++ -std=gnu++11 -E
configure:15111: g++ -std=gnu++11 -E  conftest.cpp
configure:15111: $? = 0
configure:15127: g++ -std=gnu++11 -E  conftest.cpp
conftest.cpp:25:10: fatal error: 'ac_nonexistent.h' file not found
#include <ac_nonexistent.h>
         ^~~~~~~~~~~~~~~~~~
1 error generated.
configure:15127: $? = 1
configure: failed program was:
| /* confdefs.h */
| #define PACKAGE_NAME "adolc"
| #define PACKAGE_TARNAME "adolc"
| #define PACKAGE_VERSION "2.7.0-trunk"
| #define PACKAGE_STRING "adolc 2.7.0-trunk"
| #define PACKAGE_BUGREPORT "adol-c@list.coin-or.org"
| #define PACKAGE_URL ""
| #define PACKAGE "adolc"
| #define VERSION "2.7.0-trunk"
| #define HAVE_CXX11 1
| #define HAVE_STDIO_H 1
| #define HAVE_STDLIB_H 1
| #define HAVE_STRING_H 1
| #define HAVE_INTTYPES_H 1
| #define HAVE_STDINT_H 1
| #define HAVE_STRINGS_H 1
| #define HAVE_SYS_STAT_H 1
| #define HAVE_SYS_TYPES_H 1
| #define HAVE_UNISTD_H 1
| #define HAVE_SYS_TIME_H 1
| #define STDC_HEADERS 1
| #define HAVE_DLFCN_H 1
| #define LT_OBJDIR ".libs/"
| /* end confdefs.h.  */
| #include <ac_nonexistent.h>
configure:15295: checking for ld used by g++ -std=gnu++11
configure:15364: result: /Applications/Xcode.app/Contents/Developer/Toolchains/XcodeDefault.xctoolchain/usr/bin/ld
configure:15371: checking if the linker (/Applications/Xcode.app/Contents/Developer/Toolchains/XcodeDefault.xctoolchain/usr/bin/ld) is GNU ld
configure:15388: result: no
configure:15443: checking whether the g++ -std=gnu++11 linker (/Applications/Xcode.app/Contents/Developer/Toolchains/XcodeDefault.xctoolchain/usr/bin/ld) supports shared libraries
configure:16523: result: yes
configure:16559: g++ -std=gnu++11 -c -g -O2  conftest.cpp >&5
configure:16562: $? = 0
configure:17043: checking for g++ -std=gnu++11 option to produce PIC
configure:17052: result: -fno-common -DPIC
configure:17060: checking if g++ -std=gnu++11 PIC flag -fno-common -DPIC works
configure:17079: g++ -std=gnu++11 -c -g -O2  -fno-common -DPIC -DPIC conftest.cpp >&5
configure:17083: $? = 0
configure:17097: result: yes
configure:17120: checking if g++ -std=gnu++11 static flag -static works
configure:17150: result: no
configure:17162: checking if g++ -std=gnu++11 supports -c -o file.o
configure:17184: g++ -std=gnu++11 -c -g -O2  -o out/conftest2.o conftest.cpp >&5
configure:17188: $? = 0
configure:17211: result: yes
configure:17216: checking if g++ -std=gnu++11 supports -c -o file.o
configure:17265: result: yes
configure:17295: checking whether the g++ -std=gnu++11 linker (/Applications/Xcode.app/Contents/Developer/Toolchains/XcodeDefault.xctoolchain/usr/bin/ld) supports shared libraries
configure:17335: result: yes
configure:17478: checking dynamic linker characteristics
configure:18227: result: darwin23.4.0 dyld
configure:18292: checking how to hardcode library paths into programs
configure:18317: result: immediate
configure:18471: checking size of void *
configure:18477: gcc -o conftest -g -O2   conftest.c  >&5
configure:18477: $? = 0
configure:18477: ./conftest
configure:18477: $? = 0
configure:18494: result: 8
configure:18515: checking for __builtin_expect
configure:18538: gcc -o conftest -g -O2   conftest.c  >&5
conftest.c:33:40: warning: if statement has empty body [-Wempty-body]
          if (__builtin_expect(f(), 0));
                                       ^
conftest.c:33:40: note: put the semicolon on a separate line to silence this warning
1 warning generated.
configure:18538: $? = 0
configure:18541: result: yes
configure:18562: checking for egrep
configure:18632: result: /usr/bin/grep -E
configure:18650: checking for _Bool
configure:18650: gcc -c -g -O2  conftest.c >&5
configure:18650: $? = 0
configure:18650: gcc -c -g -O2  conftest.c >&5
conftest.c:59:20: error: expected expression
if (sizeof ((_Bool)))
                   ^
1 error generated.
configure:18650: $? = 1
configure: failed program was:
| /* confdefs.h */
| #define PACKAGE_NAME "adolc"
| #define PACKAGE_TARNAME "adolc"
| #define PACKAGE_VERSION "2.7.0-trunk"
| #define PACKAGE_STRING "adolc 2.7.0-trunk"
| #define PACKAGE_BUGREPORT "adol-c@list.coin-or.org"
| #define PACKAGE_URL ""
| #define PACKAGE "adolc"
| #define VERSION "2.7.0-trunk"
| #define HAVE_CXX11 1
| #define HAVE_STDIO_H 1
| #define HAVE_STDLIB_H 1
| #define HAVE_STRING_H 1
| #define HAVE_INTTYPES_H 1
| #define HAVE_STDINT_H 1
| #define HAVE_STRINGS_H 1
| #define HAVE_SYS_STAT_H 1
| #define HAVE_SYS_TYPES_H 1
| #define HAVE_UNISTD_H 1
| #define HAVE_SYS_TIME_H 1
| #define STDC_HEADERS 1
| #define HAVE_DLFCN_H 1
| #define LT_OBJDIR ".libs/"
| #define SIZEOF_VOID_P 8
| #define HAVE_BUILTIN_EXPECT 1
| #define TIME_WITH_SYS_TIME 1
| /* end confdefs.h.  */
| #include <stddef.h>
| #ifdef HAVE_STDIO_H
| # include <stdio.h>
| #endif
| #ifdef HAVE_STDLIB_H
| # include <stdlib.h>
| #endif
| #ifdef HAVE_STRING_H
| # include <string.h>
| #endif
| #ifdef HAVE_INTTYPES_H
| # include <inttypes.h>
| #endif
| #ifdef HAVE_STDINT_H
| # include <stdint.h>
| #endif
| #ifdef HAVE_STRINGS_H
| # include <strings.h>
| #endif
| #ifdef HAVE_SYS_TYPES_H
| # include <sys/types.h>
| #endif
| #ifdef HAVE_SYS_STAT_H
| # include <sys/stat.h>
| #endif
| #ifdef HAVE_UNISTD_H
| # include <unistd.h>
| #endif
| int
| main (void)
| {
| if (sizeof ((_Bool)))
| 	    return 0;
|   ;
|   return 0;
| }
configure:18650: result: yes
configure:18659: checking for stdbool.h that conforms to C99 or later
configure:18734: gcc -c -g -O2  conftest.c >&5
conftest.c:83:25: warning: address of 's' will always evaluate to 'true' [-Wpointer-bool-conversion]
             bool ps = &s;
                  ~~    ^
conftest.c:90:40: warning: address of array 'o' will always evaluate to 'true' [-Wpointer-bool-conversion]
                                      ~^
conftest.c:90:35: warning: address of array 'n' will always evaluate to 'true' [-Wpointer-bool-conversion]
                                 ~^
conftest.c:90:30: warning: address of array 'm' will always evaluate to 'true' [-Wpointer-bool-conversion]
                            ~^
conftest.c:90:25: warning: address of array 'l' will always evaluate to 'true' [-Wpointer-bool-conversion]
                       ~^
conftest.c:89:68: warning: address of array 'k' will always evaluate to 'true' [-Wpointer-bool-conversion]
             return (!b + !c + !d + !e + !f + !g + !h + !i + !j + !k
                                                                  ~^
conftest.c:89:63: warning: address of array 'j' will always evaluate to 'true' [-Wpointer-bool-conversion]
             return (!b + !c + !d + !e + !f + !g + !h + !i + !j + !k
                                                             ~^
conftest.c:89:58: warning: address of array 'i' will always evaluate to 'true' [-Wpointer-bool-conversion]
             return (!b + !c + !d + !e + !f + !g + !h + !i + !j + !k
                                                        ~^
conftest.c:89:33: warning: address of array 'd' will always evaluate to 'true' [-Wpointer-bool-conversion]
             return (!b + !c + !d + !e + !f + !g + !h + !i + !j + !k
                               ~^
conftest.c:89:28: warning: address of array 'c' will always evaluate to 'true' [-Wpointer-bool-conversion]
             return (!b + !c + !d + !e + !f + !g + !h + !i + !j + !k
                          ~^
conftest.c:89:23: warning: address of array 'b' will always evaluate to 'true' [-Wpointer-bool-conversion]
             return (!b + !c + !d + !e + !f + !g + !h + !i + !j + !k
                     ~^
11 warnings generated.
configure:18734: $? = 0
configure:18744: result: yes
configure:18753: checking for stddef.h
configure:18753: gcc -c -g -O2  conftest.c >&5
configure:18753: $? = 0
configure:18753: result: yes
configure:18759: checking for stdlib.h
configure:18759: result: yes
configure:18765: checking for stdio.h
configure:18765: result: yes
configure:18771: checking for string.h
configure:18771: result: yes
configure:18777: checking for unistd.h
configure:18777: result: yes
configure:18783: checking for sys/timeb.h
configure:18783: gcc -c -g -O2  conftest.c >&5
configure:18783: $? = 0
configure:18783: result: yes
configure:18792: checking for an ANSI C-conforming const
configure:18859: gcc -c -g -O2  conftest.c >&5
configure:18859: $? = 0
configure:18869: result: yes
configure:18877: checking for inline
configure:18894: gcc -c -g -O2  conftest.c >&5
configure:18894: $? = 0
configure:18904: result: inline
configure:18922: checking for size_t
configure:18922: gcc -c -g -O2  conftest.c >&5
configure:18922: $? = 0
configure:18922: gcc -c -g -O2  conftest.c >&5
conftest.c:67:21: error: expected expression
if (sizeof ((size_t)))
                    ^
1 error generated.
configure:18922: $? = 1
configure: failed program was:
| /* confdefs.h */
| #define PACKAGE_NAME "adolc"
| #define PACKAGE_TARNAME "adolc"
| #define PACKAGE_VERSION "2.7.0-trunk"
| #define PACKAGE_STRING "adolc 2.7.0-trunk"
| #define PACKAGE_BUGREPORT "adol-c@list.coin-or.org"
| #define PACKAGE_URL ""
| #define PACKAGE "adolc"
| #define VERSION "2.7.0-trunk"
| #define HAVE_CXX11 1
| #define HAVE_STDIO_H 1
| #define HAVE_STDLIB_H 1
| #define HAVE_STRING_H 1
| #define HAVE_INTTYPES_H 1
| #define HAVE_STDINT_H 1
| #define HAVE_STRINGS_H 1
| #define HAVE_SYS_STAT_H 1
| #define HAVE_SYS_TYPES_H 1
| #define HAVE_UNISTD_H 1
| #define HAVE_SYS_TIME_H 1
| #define STDC_HEADERS 1
| #define HAVE_DLFCN_H 1
| #define LT_OBJDIR ".libs/"
| #define SIZEOF_VOID_P 8
| #define HAVE_BUILTIN_EXPECT 1
| #define TIME_WITH_SYS_TIME 1
| #define HAVE__BOOL 1
| #define HAVE_STDBOOL_H 1
| #define HAVE_STDDEF_H 1
| #define HAVE_STDLIB_H 1
| #define HAVE_STDIO_H 1
| #define HAVE_STRING_H 1
| #define HAVE_UNISTD_H 1
| #define HAVE_SYS_TIMEB_H 1
| /* end confdefs.h.  */
| #include <stddef.h>
| #ifdef HAVE_STDIO_H
| # include <stdio.h>
| #endif
| #ifdef HAVE_STDLIB_H
| # include <stdlib.h>
| #endif
| #ifdef HAVE_STRING_H
| # include <string.h>
| #endif
| #ifdef HAVE_INTTYPES_H
| # include <inttypes.h>
| #endif
| #ifdef HAVE_STDINT_H
| # include <stdint.h>
| #endif
| #ifdef HAVE_STRINGS_H
| # include <strings.h>
| #endif
| #ifdef HAVE_SYS_TYPES_H
| # include <sys/types.h>
| #endif
| #ifdef HAVE_SYS_STAT_H
| # include <sys/stat.h>
| #endif
| #ifdef HAVE_UNISTD_H
| # include <unistd.h>
| #endif
| int
| main (void)
| {
| if (sizeof ((size_t)))
| 	    return 0;
|   ;
|   return 0;
| }
configure:18922: result: yes
configure:18933: checking whether struct tm is in sys/time.h or time.h
configure:18954: gcc -c -g -O2  conftest.c >&5
configure:18954: $? = 0
configure:18964: result: time.h
configure:18975: checking for library containing pow
configure:19011: gcc -o conftest -g -O2   conftest.c  >&5
conftest.c:46:6: warning: incompatible redeclaration of library function 'pow' [-Wincompatible-library-redeclaration]
char pow (void);
     ^
conftest.c:46:6: note: 'pow' is a builtin with type 'double (double, double)'
1 warning generated.
configure:19011: $? = 0
configure:19033: result: none required
configure:19042: checking for floor
configure:19042: gcc -o conftest -g -O2   conftest.c  >&5
conftest.c:52:6: warning: incompatible redeclaration of library function 'floor' [-Wincompatible-library-redeclaration]
char floor (void);
     ^
conftest.c:52:6: note: 'floor' is a builtin with type 'double (double)'
1 warning generated.
configure:19042: $? = 0
configure:19042: result: yes
configure:19048: checking for fmax
configure:19048: gcc -o conftest -g -O2   conftest.c  >&5
conftest.c:53:6: warning: incompatible redeclaration of library function 'fmax' [-Wincompatible-library-redeclaration]
char fmax (void);
     ^
conftest.c:53:6: note: 'fmax' is a builtin with type 'double (double, double)'
1 warning generated.
configure:19048: $? = 0
configure:19048: result: yes
configure:19054: checking for fmin
configure:19054: gcc -o conftest -g -O2   conftest.c  >&5
conftest.c:54:6: warning: incompatible redeclaration of library function 'fmin' [-Wincompatible-library-redeclaration]
char fmin (void);
     ^
conftest.c:54:6: note: 'fmin' is a builtin with type 'double (double, double)'
1 warning generated.
configure:19054: $? = 0
configure:19054: result: yes
configure:19060: checking for ftime
configure:19060: gcc -o conftest -g -O2   conftest.c  >&5
configure:19060: $? = 0
configure:19060: result: yes
configure:19066: checking for pow
configure:19066: gcc -o conftest -g -O2   conftest.c  >&5
conftest.c:56:6: warning: incompatible redeclaration of library function 'pow' [-Wincompatible-library-redeclaration]
char pow (void);
     ^
conftest.c:56:6: note: 'pow' is a builtin with type 'double (double, double)'
1 warning generated.
configure:19066: $? = 0
configure:19066: result: yes
configure:19072: checking for sqrt
configure:19072: gcc -o conftest -g -O2   conftest.c  >&5
conftest.c:57:6: warning: incompatible redeclaration of library function 'sqrt' [-Wincompatible-library-redeclaration]
char sqrt (void);
     ^
conftest.c:57:6: note: 'sqrt' is a builtin with type 'double (double)'
1 warning generated.
configure:19072: $? = 0
configure:19072: result: yes
configure:19078: checking for cbrt
configure:19078: gcc -o conftest -g -O2   conftest.c  >&5
conftest.c:58:6: warning: incompatible redeclaration of library function 'cbrt' [-Wincompatible-library-redeclaration]
char cbrt (void);
     ^
conftest.c:58:6: note: 'cbrt' is a builtin with type 'double (double)'
1 warning generated.
configure:19078: $? = 0
configure:19078: result: yes
configure:19084: checking for strchr
configure:19084: gcc -o conftest -g -O2   conftest.c  >&5
conftest.c:59:6: warning: incompatible redeclaration of library function 'strchr' [-Wincompatible-library-redeclaration]
char strchr (void);
     ^
conftest.c:59:6: note: 'strchr' is a builtin with type 'char *(const char *, int)'
1 warning generated.
configure:19084: $? = 0
configure:19084: result: yes
configure:19090: checking for strtol
configure:19090: gcc -o conftest -g -O2   conftest.c  >&5
conftest.c:60:6: warning: incompatible redeclaration of library function 'strtol' [-Wincompatible-library-redeclaration]
char strtol (void);
     ^
conftest.c:60:6: note: 'strtol' is a builtin with type 'long (const char *, char **, int)'
1 warning generated.
configure:19090: $? = 0
configure:19090: result: yes
configure:19096: checking for trunc
configure:19096: gcc -o conftest -g -O2   conftest.c  >&5
conftest.c:61:6: warning: incompatible redeclaration of library function 'trunc' [-Wincompatible-library-redeclaration]
char trunc (void);
     ^
conftest.c:61:6: note: 'trunc' is a builtin with type 'double (double)'
1 warning generated.
configure:19096: $? = 0
configure:19096: result: yes
configure:19125: checking for GNU libc compatible malloc
configure:19157: gcc -o conftest -g -O2   conftest.c  >&5
configure:19157: $? = 0
configure:19157: ./conftest
configure:19157: $? = 0
configure:19171: result: yes
configure:19194: checking for GNU libc compatible realloc
configure:19226: gcc -o conftest -g -O2   conftest.c  >&5
configure:19226: $? = 0
configure:19226: ./conftest
configure:19226: $? = 0
configure:19240: result: yes
configure:19269: checking whether to use calloc or malloc for memory allocation
configure:19282: result: calloc
configure:19292: checking whether to enable atrig/erf functions
configure:19303: result: no
configure:19313: checking whether to use 32-bit or 64-bit locations
configure:19331: result: 32-bit
configure:19336: checking whether to use single or double precision
configure:19355: result: double
configure:19359: checking whether to enable advanced branching operations
configure:19370: result: no
configure:19380: checking whether to enable reference counting for tapeless numbers
configure:19391: result: no
configure:19401: checking whether to enable activity tracking
configure:19412: result: no
configure:19421: checking whether to use ADOL-C debug mode
configure:19434: result: no
configure:19441: checking whether to use ADOL-C hard debug mode
configure:19454: result: no
configure:19474: checking whether the default adouble constructor should initialize the value to 0
configure:19487: result: yes
configure:19500: checking whether the adouble variables have a late initialize option for functions like malloc/realloc
configure:19513: result: no
configure:19526: checking whether errno is thread save
configure:19539: result: no
configure:19552: checking which flag to use to enable OpenMP
configure:19563: result: none
configure:19621: checking for boostlib >= 1.54
configure:19704: g++ -std=gnu++11 -c -g -O2   conftest.cpp >&5
conftest.cpp:54:14: fatal error: 'boost/version.hpp' file not found
    #include <boost/version.hpp>
             ^~~~~~~~~~~~~~~~~~~
1 error generated.
configure:19704: $? = 1
configure: failed program was:
| /* confdefs.h */
| #define PACKAGE_NAME "adolc"
| #define PACKAGE_TARNAME "adolc"
| #define PACKAGE_VERSION "2.7.0-trunk"
| #define PACKAGE_STRING "adolc 2.7.0-trunk"
| #define PACKAGE_BUGREPORT "adol-c@list.coin-or.org"
| #define PACKAGE_URL ""
| #define PACKAGE "adolc"
| #define VERSION "2.7.0-trunk"
| #define HAVE_CXX11 1
| #define HAVE_STDIO_H 1
| #define HAVE_STDLIB_H 1
| #define HAVE_STRING_H 1
| #define HAVE_INTTYPES_H 1
| #define HAVE_STDINT_H 1
| #define HAVE_STRINGS_H 1
| #define HAVE_SYS_STAT_H 1
| #define HAVE_SYS_TYPES_H 1
| #define HAVE_UNISTD_H 1
| #define HAVE_SYS_TIME_H 1
| #define STDC_HEADERS 1
| #define HAVE_DLFCN_H 1
| #define LT_OBJDIR ".libs/"
| #define SIZEOF_VOID_P 8
| #define HAVE_BUILTIN_EXPECT 1
| #define TIME_WITH_SYS_TIME 1
| #define HAVE__BOOL 1
| #define HAVE_STDBOOL_H 1
| #define HAVE_STDDEF_H 1
| #define HAVE_STDLIB_H 1
| #define HAVE_STDIO_H 1
| #define HAVE_STRING_H 1
| #define HAVE_UNISTD_H 1
| #define HAVE_SYS_TIMEB_H 1
| #define HAVE_FLOOR 1
| #define HAVE_FMAX 1
| #define HAVE_FMIN 1
| #define HAVE_FTIME 1
| #define HAVE_POW 1
| #define HAVE_SQRT 1
| #define HAVE_CBRT 1
| #define HAVE_STRCHR 1
| #define HAVE_STRTOL 1
| #define HAVE_TRUNC 1
| #define ADOLC_VERSION 2
| #define ADOLC_SUBVERSION 7
| #define ADOLC_PATCHLEVEL 0
| #define HAVE_MALLOC 1
| #define HAVE_REALLOC 1
| #define ADOLC_USE_CALLOC 1
| #define ADOLC_ADOUBLE_STDCZERO 1
| /* end confdefs.h.  */
| 
|     #include <boost/version.hpp>
| 
| int
| main (void)
| {
| 
|     #if BOOST_VERSION >= 105400
|     // Everything is okay
|     #else
|     #  error Boost version is too old
|     #endif
| 
|   ;
|   return 0;
| }
configure:19811: g++ -std=gnu++11 -c -g -O2   -I/include/boost-0 conftest.cpp >&5
conftest.cpp:54:18: fatal error: 'boost/version.hpp' file not found
        #include <boost/version.hpp>
                 ^~~~~~~~~~~~~~~~~~~
1 error generated.
configure:19811: $? = 1
configure: failed program was:
| /* confdefs.h */
| #define PACKAGE_NAME "adolc"
| #define PACKAGE_TARNAME "adolc"
| #define PACKAGE_VERSION "2.7.0-trunk"
| #define PACKAGE_STRING "adolc 2.7.0-trunk"
| #define PACKAGE_BUGREPORT "adol-c@list.coin-or.org"
| #define PACKAGE_URL ""
| #define PACKAGE "adolc"
| #define VERSION "2.7.0-trunk"
| #define HAVE_CXX11 1
| #define HAVE_STDIO_H 1
| #define HAVE_STDLIB_H 1
| #define HAVE_STRING_H 1
| #define HAVE_INTTYPES_H 1
| #define HAVE_STDINT_H 1
| #define HAVE_STRINGS_H 1
| #define HAVE_SYS_STAT_H 1
| #define HAVE_SYS_TYPES_H 1
| #define HAVE_UNISTD_H 1
| #define HAVE_SYS_TIME_H 1
| #define STDC_HEADERS 1
| #define HAVE_DLFCN_H 1
| #define LT_OBJDIR ".libs/"
| #define SIZEOF_VOID_P 8
| #define HAVE_BUILTIN_EXPECT 1
| #define TIME_WITH_SYS_TIME 1
| #define HAVE__BOOL 1
| #define HAVE_STDBOOL_H 1
| #define HAVE_STDDEF_H 1
| #define HAVE_STDLIB_H 1
| #define HAVE_STDIO_H 1
| #define HAVE_STRING_H 1
| #define HAVE_UNISTD_H 1
| #define HAVE_SYS_TIMEB_H 1
| #define HAVE_FLOOR 1
| #define HAVE_FMAX 1
| #define HAVE_FMIN 1
| #define HAVE_FTIME 1
| #define HAVE_POW 1
| #define HAVE_SQRT 1
| #define HAVE_CBRT 1
| #define HAVE_STRCHR 1
| #define HAVE_STRTOL 1
| #define HAVE_TRUNC 1
| #define ADOLC_VERSION 2
| #define ADOLC_SUBVERSION 7
| #define ADOLC_PATCHLEVEL 0
| #define HAVE_MALLOC 1
| #define HAVE_REALLOC 1
| #define ADOLC_USE_CALLOC 1
| #define ADOLC_ADOUBLE_STDCZERO 1
| /* end confdefs.h.  */
| 
|         #include <boost/version.hpp>
| 
| int
| main (void)
| {
| 
|         #if BOOST_VERSION >= 105400
|         // Everything is okay
|         #else
|         #  error Boost version is too old
|         #endif
| 
|   ;
|   return 0;
| }
configure:19831: We could not detect the boost libraries (version 1.54 or higher). If you have a staged boost library (still not installed) please specify $BOOST_ROOT in your environment and do not give a PATH to --with-boost option.  If you are sure you have boost installed, then check your version number looking in <boost/version.hpp>. See http://randspringer.de/boost for more documentation.
configure:20168: checking whether to build sparse drivers
configure:20178: result: no
configure:20222: checking for ColPack/ColPackHeaders.h
configure:20222: g++ -std=gnu++11 -c -g -O2    conftest.cpp >&5
conftest.cpp:81:10: fatal error: 'ColPack/ColPackHeaders.h' file not found
#include <ColPack/ColPackHeaders.h>
         ^~~~~~~~~~~~~~~~~~~~~~~~~~
1 error generated.
configure:20222: $? = 1
configure: failed program was:
| /* confdefs.h */
| #define PACKAGE_NAME "adolc"
| #define PACKAGE_TARNAME "adolc"
| #define PACKAGE_VERSION "2.7.0-trunk"
| #define PACKAGE_STRING "adolc 2.7.0-trunk"
| #define PACKAGE_BUGREPORT "adol-c@list.coin-or.org"
| #define PACKAGE_URL ""
| #define PACKAGE "adolc"
| #define VERSION "2.7.0-trunk"
| #define HAVE_CXX11 1
| #define HAVE_STDIO_H 1
| #define HAVE_STDLIB_H 1
| #define HAVE_STRING_H 1
| #define HAVE_INTTYPES_H 1
| #define HAVE_STDINT_H 1
| #define HAVE_STRINGS_H 1
| #define HAVE_SYS_STAT_H 1
| #define HAVE_SYS_TYPES_H 1
| #define HAVE_UNISTD_H 1
| #define HAVE_SYS_TIME_H 1
| #define STDC_HEADERS 1
| #define HAVE_DLFCN_H 1
| #define LT_OBJDIR ".libs/"
| #define SIZEOF_VOID_P 8
| #define HAVE_BUILTIN_EXPECT 1
| #define TIME_WITH_SYS_TIME 1
| #define HAVE__BOOL 1
| #define HAVE_STDBOOL_H 1
| #define HAVE_STDDEF_H 1
| #define HAVE_STDLIB_H 1
| #define HAVE_STDIO_H 1
| #define HAVE_STRING_H 1
| #define HAVE_UNISTD_H 1
| #define HAVE_SYS_TIMEB_H 1
| #define HAVE_FLOOR 1
| #define HAVE_FMAX 1
| #define HAVE_FMIN 1
| #define HAVE_FTIME 1
| #define HAVE_POW 1
| #define HAVE_SQRT 1
| #define HAVE_CBRT 1
| #define HAVE_STRCHR 1
| #define HAVE_STRTOL 1
| #define HAVE_TRUNC 1
| #define ADOLC_VERSION 2
| #define ADOLC_SUBVERSION 7
| #define ADOLC_PATCHLEVEL 0
| #define HAVE_MALLOC 1
| #define HAVE_REALLOC 1
| #define ADOLC_USE_CALLOC 1
| #define ADOLC_ADOUBLE_STDCZERO 1
| /* end confdefs.h.  */
| #include <stddef.h>
| #ifdef HAVE_STDIO_H
| # include <stdio.h>
| #endif
| #ifdef HAVE_STDLIB_H
| # include <stdlib.h>
| #endif
| #ifdef HAVE_STRING_H
| # include <string.h>
| #endif
| #ifdef HAVE_INTTYPES_H
| # include <inttypes.h>
| #endif
| #ifdef HAVE_STDINT_H
| # include <stdint.h>
| #endif
| #ifdef HAVE_STRINGS_H
| # include <strings.h>
| #endif
| #ifdef HAVE_SYS_TYPES_H
| # include <sys/types.h>
| #endif
| #ifdef HAVE_SYS_STAT_H
| # include <sys/stat.h>
| #endif
| #ifdef HAVE_UNISTD_H
| # include <unistd.h>
| #endif
| #include <ColPack/ColPackHeaders.h>
configure:20222: result: no
configure:20324: checking whether to build documented examples
configure:20334: result: no
configure:20348: checking whether to build additional examples
configure:20358: result: no
configure:20372: checking whether to build parallel example
configure:20382: result: no
configure:20397: checking which CFLAGS to use
configure:20425: result: -O2 
configure:20431: checking which CXXFLAGS to use
configure:20458: result: -O2 
configure:20643: checking whether tape_doc should compute values as it prints the tape contents
configure:20658: result: yes
configure:20797: checking that generated files are newer than configure
configure:20803: result: done
configure:20862: creating ./config.status

## ---------------------- ##
## Running config.status. ##
## ---------------------- ##

This file was extended by adolc config.status 2.7.0-trunk, which was
generated by GNU Autoconf 2.72.  Invocation command line was

  CONFIG_FILES    = 
  CONFIG_HEADERS  = 
  CONFIG_LINKS    = 
  CONFIG_COMMANDS = 
  $ ./config.status 

on jinsens-mbp.lan

config.status:1262: creating Makefile
config.status:1262: creating ADOL-C/Makefile
config.status:1262: creating ADOL-C/include/Makefile
config.status:1262: creating ADOL-C/include/adolc/Makefile
config.status:1262: creating ADOL-C/include/adolc/internal/adolc_settings.h
config.status:1262: creating ADOL-C/include/adolc/drivers/Makefile
config.status:1262: creating ADOL-C/include/adolc/internal/Makefile
config.status:1262: creating ADOL-C/include/adolc/lie/Makefile
config.status:1262: creating ADOL-C/include/adolc/sparse/Makefile
config.status:1262: creating ADOL-C/include/adolc/tapedoc/Makefile
config.status:1262: creating ADOL-C/src/Makefile
config.status:1262: creating ADOL-C/src/drivers/Makefile
config.status:1262: creating ADOL-C/src/lie/Makefile
config.status:1262: creating ADOL-C/src/sparse/Makefile
config.status:1262: creating ADOL-C/src/tapedoc/Makefile
config.status:1262: creating ADOL-C/doc/version.tex
config.status:1262: creating ADOL-C/examples/Makefile
config.status:1262: creating ADOL-C/examples/additional_examples/Makefile
config.status:1262: creating ADOL-C/examples/additional_examples/cuda/Makefile
config.status:1262: creating ADOL-C/examples/additional_examples/clock/Makefile
config.status:1262: creating ADOL-C/examples/additional_examples/checkpointing/Makefile
config.status:1262: creating ADOL-C/examples/additional_examples/ext_diff_func/Makefile
config.status:1262: creating ADOL-C/examples/additional_examples/fixpoint_exam/Makefile
config.status:1262: creating ADOL-C/examples/additional_examples/hessmat/Makefile
config.status:1262: creating ADOL-C/examples/additional_examples/lie/Makefile
config.status:1262: creating ADOL-C/examples/additional_examples/lufact/Makefile
config.status:1262: creating ADOL-C/examples/additional_examples/openmp_exam/Makefile
config.status:1262: creating ADOL-C/examples/additional_examples/scal/Makefile
config.status:1262: creating ADOL-C/examples/additional_examples/speelpenning/Makefile
config.status:1262: creating ADOL-C/examples/additional_examples/taylor/Makefile
config.status:1262: creating ADOL-C/examples/additional_examples/detexam/Makefile
config.status:1262: creating ADOL-C/examples/additional_examples/helm/Makefile
config.status:1262: creating ADOL-C/examples/additional_examples/lighthouse/Makefile
config.status:1262: creating ADOL-C/examples/additional_examples/ode/Makefile
config.status:1262: creating ADOL-C/examples/additional_examples/sparse/Makefile
config.status:1262: creating ADOL-C/examples/additional_examples/tapesave/Makefile
config.status:1262: creating ADOL-C/examples/additional_examples/pow/Makefile
config.status:1262: creating ADOL-C/examples/additional_examples/timing/Makefile
config.status:1262: creating ADOL-C/examples/additional_examples/param/Makefile
config.status:1262: creating ADOL-C/test/Makefile
config.status:1262: creating ADOL-C/swig/Makefile
config.status:1262: creating MSVisualStudio/v14/sparse/config.h
config.status:1262: creating MSVisualStudio/v14/nosparse/config.h
config.status:1262: creating MSVisualStudio/v14/x64/sparse/config.h
config.status:1262: creating MSVisualStudio/v14/x64/nosparse/config.h
config.status:1262: creating adolc.spec
config.status:1262: creating adolclib.pc
config.status:1262: creating ADOL-C/src/config.h
config.status:1491: executing depfiles commands
config.status:1568: cd ADOL-C       && sed -e '/# am--include-marker/d' Makefile         | make -f - am--depfiles
make: Nothing to be done for `am--depfiles'.
config.status:1573: $? = 0
config.status:1568: cd ADOL-C/src       && sed -e '/# am--include-marker/d' Makefile         | make -f - am--depfiles
make: Nothing to be done for `am--depfiles'.
config.status:1573: $? = 0
config.status:1568: cd ADOL-C/src/drivers       && sed -e '/# am--include-marker/d' Makefile         | make -f - am--depfiles
make: Nothing to be done for `am--depfiles'.
config.status:1573: $? = 0
config.status:1568: cd ADOL-C/src/lie       && sed -e '/# am--include-marker/d' Makefile         | make -f - am--depfiles
make: Nothing to be done for `am--depfiles'.
config.status:1573: $? = 0
config.status:1568: cd ADOL-C/src/sparse       && sed -e '/# am--include-marker/d' Makefile         | make -f - am--depfiles
make: Nothing to be done for `am--depfiles'.
config.status:1573: $? = 0
config.status:1568: cd ADOL-C/src/tapedoc       && sed -e '/# am--include-marker/d' Makefile         | make -f - am--depfiles
make: Nothing to be done for `am--depfiles'.
config.status:1573: $? = 0
config.status:1568: cd ADOL-C/examples       && sed -e '/# am--include-marker/d' Makefile         | make -f - am--depfiles
make: Nothing to be done for `am--depfiles'.
config.status:1573: $? = 0
config.status:1568: cd ADOL-C/examples/additional_examples/clock       && sed -e '/# am--include-marker/d' Makefile         | make -f - am--depfiles
make: Nothing to be done for `am--depfiles'.
config.status:1573: $? = 0
config.status:1568: cd ADOL-C/examples/additional_examples/checkpointing       && sed -e '/# am--include-marker/d' Makefile         | make -f - am--depfiles
make: Nothing to be done for `am--depfiles'.
config.status:1573: $? = 0
config.status:1568: cd ADOL-C/examples/additional_examples/ext_diff_func       && sed -e '/# am--include-marker/d' Makefile         | make -f - am--depfiles
make: Nothing to be done for `am--depfiles'.
config.status:1573: $? = 0
config.status:1568: cd ADOL-C/examples/additional_examples/fixpoint_exam       && sed -e '/# am--include-marker/d' Makefile         | make -f - am--depfiles
make: Nothing to be done for `am--depfiles'.
config.status:1573: $? = 0
config.status:1568: cd ADOL-C/examples/additional_examples/hessmat       && sed -e '/# am--include-marker/d' Makefile         | make -f - am--depfiles
make: Nothing to be done for `am--depfiles'.
config.status:1573: $? = 0
config.status:1568: cd ADOL-C/examples/additional_examples/lie       && sed -e '/# am--include-marker/d' Makefile         | make -f - am--depfiles
make: Nothing to be done for `am--depfiles'.
config.status:1573: $? = 0
config.status:1568: cd ADOL-C/examples/additional_examples/lufact       && sed -e '/# am--include-marker/d' Makefile         | make -f - am--depfiles
make: Nothing to be done for `am--depfiles'.
config.status:1573: $? = 0
config.status:1568: cd ADOL-C/examples/additional_examples/openmp_exam       && sed -e '/# am--include-marker/d' Makefile         | make -f - am--depfiles
make: Nothing to be done for `am--depfiles'.
config.status:1573: $? = 0
config.status:1568: cd ADOL-C/examples/additional_examples/scal       && sed -e '/# am--include-marker/d' Makefile         | make -f - am--depfiles
make: Nothing to be done for `am--depfiles'.
config.status:1573: $? = 0
config.status:1568: cd ADOL-C/examples/additional_examples/speelpenning       && sed -e '/# am--include-marker/d' Makefile         | make -f - am--depfiles
make: Nothing to be done for `am--depfiles'.
config.status:1573: $? = 0
config.status:1568: cd ADOL-C/examples/additional_examples/taylor       && sed -e '/# am--include-marker/d' Makefile         | make -f - am--depfiles
make: Nothing to be done for `am--depfiles'.
config.status:1573: $? = 0
config.status:1568: cd ADOL-C/examples/additional_examples/detexam       && sed -e '/# am--include-marker/d' Makefile         | make -f - am--depfiles
make: Nothing to be done for `am--depfiles'.
config.status:1573: $? = 0
config.status:1568: cd ADOL-C/examples/additional_examples/helm       && sed -e '/# am--include-marker/d' Makefile         | make -f - am--depfiles
make: Nothing to be done for `am--depfiles'.
config.status:1573: $? = 0
config.status:1568: cd ADOL-C/examples/additional_examples/lighthouse       && sed -e '/# am--include-marker/d' Makefile         | make -f - am--depfiles
make: Nothing to be done for `am--depfiles'.
config.status:1573: $? = 0
config.status:1568: cd ADOL-C/examples/additional_examples/ode       && sed -e '/# am--include-marker/d' Makefile         | make -f - am--depfiles
make: Nothing to be done for `am--depfiles'.
config.status:1573: $? = 0
config.status:1568: cd ADOL-C/examples/additional_examples/sparse       && sed -e '/# am--include-marker/d' Makefile         | make -f - am--depfiles
make: Nothing to be done for `am--depfiles'.
config.status:1573: $? = 0
config.status:1568: cd ADOL-C/examples/additional_examples/tapesave       && sed -e '/# am--include-marker/d' Makefile         | make -f - am--depfiles
make: Nothing to be done for `am--depfiles'.
config.status:1573: $? = 0
config.status:1568: cd ADOL-C/examples/additional_examples/pow       && sed -e '/# am--include-marker/d' Makefile         | make -f - am--depfiles
make: Nothing to be done for `am--depfiles'.
config.status:1573: $? = 0
config.status:1568: cd ADOL-C/examples/additional_examples/timing       && sed -e '/# am--include-marker/d' Makefile         | make -f - am--depfiles
make: Nothing to be done for `am--depfiles'.
config.status:1573: $? = 0
config.status:1568: cd ADOL-C/examples/additional_examples/param       && sed -e '/# am--include-marker/d' Makefile         | make -f - am--depfiles
make: Nothing to be done for `am--depfiles'.
config.status:1573: $? = 0
config.status:1568: cd ADOL-C/test       && sed -e '/# am--include-marker/d' Makefile         | make -f - am--depfiles
make: Nothing to be done for `am--depfiles'.
config.status:1573: $? = 0
config.status:1491: executing libtool commands
configure:23357: Applying patches to libtool for GNU compiler

## ---------------- ##
## Cache variables. ##
## ---------------- ##

ac_cv_build=aarch64-apple-darwin23.4.0
ac_cv_c_compiler_gnu=yes
ac_cv_c_const=yes
ac_cv_c_inline=inline
ac_cv_cxx_compiler_gnu=yes
ac_cv_env_CCC_set=
ac_cv_env_CCC_value=
ac_cv_env_CC_set=
ac_cv_env_CC_value=
ac_cv_env_CFLAGS_set=
ac_cv_env_CFLAGS_value=
ac_cv_env_CPPFLAGS_set=
ac_cv_env_CPPFLAGS_value=
ac_cv_env_CPP_set=
ac_cv_env_CPP_value=
ac_cv_env_CXXCPP_set=
ac_cv_env_CXXCPP_value=
ac_cv_env_CXXFLAGS_set=
ac_cv_env_CXXFLAGS_value=
ac_cv_env_CXX_set=
ac_cv_env_CXX_value=
ac_cv_env_LDFLAGS_set=
ac_cv_env_LDFLAGS_value=
ac_cv_env_LIBS_set=
ac_cv_env_LIBS_value=
ac_cv_env_LT_SYS_LIBRARY_PATH_set=
ac_cv_env_LT_SYS_LIBRARY_PATH_value=
ac_cv_env_build_alias_set=
ac_cv_env_build_alias_value=
ac_cv_env_host_alias_set=
ac_cv_env_host_alias_value=
ac_cv_env_target_alias_set=
ac_cv_env_target_alias_value=
ac_cv_func_cbrt=yes
ac_cv_func_floor=yes
ac_cv_func_fmax=yes
ac_cv_func_fmin=yes
ac_cv_func_ftime=yes
ac_cv_func_malloc_0_nonnull=yes
ac_cv_func_pow=yes
ac_cv_func_realloc_0_nonnull=yes
ac_cv_func_sqrt=yes
ac_cv_func_strchr=yes
ac_cv_func_strtol=yes
ac_cv_func_trunc=yes
ac_cv_header_ColPack_ColPackHeaders_h=no
ac_cv_header_dlfcn_h=yes
ac_cv_header_inttypes_h=yes
ac_cv_header_stdbool_h=yes
ac_cv_header_stddef_h=yes
ac_cv_header_stdint_h=yes
ac_cv_header_stdio_h=yes
ac_cv_header_stdlib_h=yes
ac_cv_header_string_h=yes
ac_cv_header_strings_h=yes
ac_cv_header_sys_stat_h=yes
ac_cv_header_sys_time_h=yes
ac_cv_header_sys_timeb_h=yes
ac_cv_header_sys_types_h=yes
ac_cv_header_unistd_h=yes
ac_cv_host=aarch64-apple-darwin23.4.0
ac_cv_lib_dl_dlopen=yes
ac_cv_objext=o
ac_cv_path_EGREP='/usr/bin/grep -E'
ac_cv_path_EGREP_TRADITIONAL='/usr/bin/grep -E'
ac_cv_path_FGREP='/usr/bin/grep -F'
ac_cv_path_GREP=/usr/bin/grep
ac_cv_path_SED=/usr/bin/sed
ac_cv_path_install='/usr/bin/install -c'
ac_cv_path_lt_DD=/bin/dd
ac_cv_prog_AWK=awk
ac_cv_prog_CPP='gcc -E'
ac_cv_prog_CXXCPP='g++ -std=gnu++11 -E'
ac_cv_prog_ac_ct_AR=ar
ac_cv_prog_ac_ct_CC=gcc
ac_cv_prog_ac_ct_CXX=g++
ac_cv_prog_ac_ct_DSYMUTIL=dsymutil
ac_cv_prog_ac_ct_FILECMD=file
ac_cv_prog_ac_ct_LIPO=lipo
ac_cv_prog_ac_ct_NMEDIT=nmedit
ac_cv_prog_ac_ct_OBJDUMP=objdump
ac_cv_prog_ac_ct_OTOOL=otool
ac_cv_prog_ac_ct_RANLIB=ranlib
ac_cv_prog_ac_ct_STRIP=strip
ac_cv_prog_cc_c11=
ac_cv_prog_cc_g=yes
ac_cv_prog_cc_gcc_c_o=yes
ac_cv_prog_cc_stdc=
ac_cv_prog_cxx_cxx11=-std=gnu++11
ac_cv_prog_cxx_g=yes
ac_cv_prog_cxx_stdcxx=-std=gnu++11
ac_cv_prog_make_make_set=yes
ac_cv_search_pow='none required'
ac_cv_sizeof_void_p=8
ac_cv_struct_tm=time.h
ac_cv_type__Bool=yes
ac_cv_type_size_t=yes
am_cv_CC_dependencies_compiler_type=gcc3
am_cv_CXX_dependencies_compiler_type=gcc3
am_cv_make_support_nested_variables=yes
am_cv_prog_cc_c_o=yes
ax_cv_cxx_compile_cxx11=yes
lt_cv_apple_cc_single_mod=no
lt_cv_ar_at_file=no
lt_cv_deplibs_check_method=pass_all
lt_cv_dlopen=dlopen
lt_cv_dlopen_libs=-ldl
lt_cv_dlopen_self=yes
lt_cv_dlopen_self_static=yes
lt_cv_file_magic_cmd='$MAGIC_CMD'
lt_cv_file_magic_test_file=
lt_cv_ld_exported_symbols_list=yes
lt_cv_ld_force_load=yes
lt_cv_ld_reload_flag=-r
lt_cv_nm_interface='BSD nm'
lt_cv_objdir=.libs
lt_cv_path_LD=/Applications/Xcode.app/Contents/Developer/Toolchains/XcodeDefault.xctoolchain/usr/bin/ld
lt_cv_path_LDCXX=/Applications/Xcode.app/Contents/Developer/Toolchains/XcodeDefault.xctoolchain/usr/bin/ld
lt_cv_path_NM='/usr/bin/nm -B'
lt_cv_path_mainfest_tool=no
lt_cv_prog_compiler_c_o=yes
lt_cv_prog_compiler_c_o_CXX=yes
lt_cv_prog_compiler_pic='-fno-common -DPIC'
lt_cv_prog_compiler_pic_CXX='-fno-common -DPIC'
lt_cv_prog_compiler_pic_works=yes
lt_cv_prog_compiler_pic_works_CXX=yes
lt_cv_prog_compiler_rtti_exceptions=yes
lt_cv_prog_compiler_static_works=no
lt_cv_prog_compiler_static_works_CXX=no
lt_cv_prog_gnu_ld=no
lt_cv_prog_gnu_ldcxx=no
lt_cv_sharedlib_from_linklib_cmd='printf %s\n'
lt_cv_sys_global_symbol_pipe='/usr/bin/sed -n -e '\''s/^.*[	 ]\([ABCDGIRSTW][ABCDGIRSTW]*\)[	 ][	 ]*_\([_A-Za-z][_A-Za-z0-9]*\)$/\1 _\2 \2/p'\'' | /usr/bin/sed '\''/ __gnu_lto/d'\'''
lt_cv_sys_global_symbol_to_c_name_address='/usr/bin/sed -n -e '\''s/^: \(.*\) .*$/  {"\1", (void *) 0},/p'\'' -e '\''s/^[ABCDGIRSTW][ABCDGIRSTW]* .* \(.*\)$/  {"\1", (void *) \&\1},/p'\'''
lt_cv_sys_global_symbol_to_c_name_address_lib_prefix='/usr/bin/sed -n -e '\''s/^: \(.*\) .*$/  {"\1", (void *) 0},/p'\'' -e '\''s/^[ABCDGIRSTW][ABCDGIRSTW]* .* \(lib.*\)$/  {"\1", (void *) \&\1},/p'\'' -e '\''s/^[ABCDGIRSTW][ABCDGIRSTW]* .* \(.*\)$/  {"lib\1", (void *) \&\1},/p'\'''
lt_cv_sys_global_symbol_to_cdecl='/usr/bin/sed -n -e '\''s/^T .* \(.*\)$/extern int \1();/p'\'' -e '\''s/^[ABCDGIRSTW][ABCDGIRSTW]* .* \(.*\)$/extern char \1;/p'\'''
lt_cv_sys_global_symbol_to_import=
lt_cv_sys_max_cmd_len=786432
lt_cv_to_host_file_cmd=func_convert_file_noop
lt_cv_to_tool_file_cmd=func_convert_file_noop
lt_cv_truncate_bin='/bin/dd bs=4096 count=1'

## ----------------- ##
## Output variables. ##
## ----------------- ##

ACLOCAL='${SHELL} '\''/Users/jinsenwu/Others/Githubs/Inverse-Kinematics-with-Skinning/adolc/sourceCode/autoconf/missing'\'' aclocal-1.16'
ADDEXA_FALSE=''
ADDEXA_TRUE='#'
ADOLC_PATCHLEVEL='0'
ADOLC_SUBVERSION='7'
ADOLC_VERSION='2'
ADTL_REFCNT='#undef USE_ADTL_REFCOUNTING'
ADVBRANCH='#undef ADOLC_ADVANCED_BRANCHING'
AMDEPBACKSLASH='\'
AMDEP_FALSE='#'
AMDEP_TRUE=''
AMTAR='$${TAR-tar}'
AM_BACKSLASH='\'
AM_DEFAULT_V='$(AM_DEFAULT_VERBOSITY)'
AM_DEFAULT_VERBOSITY='0'
AM_V='$(V)'
AR='ar'
AS='as'
ATRIG_ERF='#undef ATRIG_ERF'
AUTOCONF='${SHELL} '\''/Users/jinsenwu/Others/Githubs/Inverse-Kinematics-with-Skinning/adolc/sourceCode/autoconf/missing'\'' autoconf'
AUTOHEADER='${SHELL} '\''/Users/jinsenwu/Others/Githubs/Inverse-Kinematics-with-Skinning/adolc/sourceCode/autoconf/missing'\'' autoheader'
AUTOMAKE='${SHELL} '\''/Users/jinsenwu/Others/Githubs/Inverse-Kinematics-with-Skinning/adolc/sourceCode/autoconf/missing'\'' automake-1.16'
AWK='awk'
BOOST_CPPFLAGS='-I/include/boost-0'
BOOST_LDFLAGS='-L/lib'
BOOST_SYSTEM_LIB=''
BUILD_ADOLC_AMPI_SUPPORT_FALSE=''
BUILD_ADOLC_AMPI_SUPPORT_TRUE='#'
BUILD_ADOLC_MEDIPACK_SUPPORT_FALSE=''
BUILD_ADOLC_MEDIPACK_SUPPORT_TRUE='#'
CC='gcc'
CCDEPMODE='depmode=gcc3'
CFLAGS='-g -O2'
CPP='gcc -E'
CPPFLAGS=''
CSCOPE='cscope'
CTAGS='ctags'
CXX='g++ -std=gnu++11'
CXXCPP='g++ -std=gnu++11 -E'
CXXDEPMODE='depmode=gcc3'
CXXFLAGS='-g -O2'
CYGPATH_W='echo'
DARWIN_FALSE=''
DARWIN_TRUE='#'
DEFS='-DHAVE_CONFIG_H'
DEPDIR='.deps'
DLLTOOL='false'
DOCEXA_FALSE=''
DOCEXA_TRUE='#'
DSYMUTIL='dsymutil'
DUMPBIN=''
ECHO_C='\c'
ECHO_N=''
ECHO_T=''
EGREP='/usr/bin/grep -E'
ETAGS='etags'
EXEEXT=''
FGREP='/usr/bin/grep -F'
FILECMD='file'
GREP='/usr/bin/grep'
HAVE_CXX11='1'
HAVE_LIBCOLPACK_FALSE=''
HAVE_LIBCOLPACK_TRUE='#'
INSTALL_DATA='${INSTALL} -m 644'
INSTALL_PROGRAM='${INSTALL}'
INSTALL_SCRIPT='${INSTALL}'
INSTALL_STRIP_PROGRAM='$(install_sh) -c -s'
LD='/Applications/Xcode.app/Contents/Developer/Toolchains/XcodeDefault.xctoolchain/usr/bin/ld'
LDFLAGS=''
LIBOBJS=''
LIBS=''
LIBTOOL='$(SHELL) $(top_builddir)/libtool'
LIPO='lipo'
LN_S='ln -s'
LTLIBOBJS=''
LT_SYS_LIBRARY_PATH=''
MAKEINFO='${SHELL} '\''/Users/jinsenwu/Others/Githubs/Inverse-Kinematics-with-Skinning/adolc/sourceCode/autoconf/missing'\'' makeinfo'
MANIFEST_TOOL=':'
MKDIR_P='mkdir -p'
NM='/usr/bin/nm -B'
NMEDIT='nmedit'
OBJDUMP='objdump'
OBJEXT='o'
OTOOL64=':'
OTOOL='otool'
PACKAGE='adolc'
PACKAGE_BUGREPORT='adol-c@list.coin-or.org'
PACKAGE_NAME='adolc'
PACKAGE_STRING='adolc 2.7.0-trunk'
PACKAGE_TARNAME='adolc'
PACKAGE_URL=''
PACKAGE_VERSION='2.7.0-trunk'
PAREXA_FALSE=''
PAREXA_TRUE='#'
PATH_SEPARATOR=':'
RANLIB='ranlib'
REAL_TYPE='double'
SED='/usr/bin/sed'
SET_MAKE=''
SHELL='/bin/sh'
SPARSE_DRIVERS='#undef SPARSE_DRIVERS'
SPARSE_FALSE=''
SPARSE_TRUE='#'
STRIP='strip'
UINT_TYPE='uint32_t'
USE_BOOST_POOL='#define USE_BOOST_POOL 0'
VERSION='2.7.0-trunk'
_lib='lib64'
ac_adolc_cflags='-O2 '
ac_adolc_cxxflags='-O2 '
ac_aux_dir='./autoconf/'
ac_ct_AR='ar'
ac_ct_CC='gcc'
ac_ct_CXX='g++'
ac_ct_DUMPBIN=''
adolclib='adolc'
am__EXEEXT_FALSE=''
am__EXEEXT_TRUE='#'
am__fastdepCC_FALSE='#'
am__fastdepCC_TRUE=''
am__fastdepCXX_FALSE='#'
am__fastdepCXX_TRUE=''
am__include='include'
am__isrc=''
am__leading_dot='.'
am__nodep='_no'
am__quote=''
am__tar='$${TAR-tar} chof - "$$tardir"'
am__untar='$${TAR-tar} xf -'
bindir='${exec_prefix}/bin'
build='aarch64-apple-darwin23.4.0'
build_alias=''
build_cpu='aarch64'
build_os='darwin23.4.0'
build_vendor='apple'
datadir='${datarootdir}'
datarootdir='${prefix}/share'
docdir='${datarootdir}/doc/${PACKAGE_TARNAME}'
dvidir='${docdir}'
exec_prefix='${prefix}'
host='aarch64-apple-darwin23.4.0'
host_alias=''
host_cpu='aarch64'
host_os='darwin23.4.0'
host_vendor='apple'
htmldir='${docdir}'
includedir='${prefix}/include'
infodir='${datarootdir}/info'
install_sh='${SHELL} /Users/jinsenwu/Others/Githubs/Inverse-Kinematics-with-Skinning/adolc/sourceCode/autoconf/install-sh'
libdir='${exec_prefix}/lib64'
libexecdir='${exec_prefix}/libexec'
localedir='${datarootdir}/locale'
localstatedir='${prefix}/var'
mandir='${datarootdir}/man'
mkdir_p='$(MKDIR_P)'
oldincludedir='/usr/include'
pdfdir='${docdir}'
prefix='/Users/jinsenwu/adolc_base'
program_transform_name='s,x,x,'
psdir='${docdir}'
runstatedir='${localstatedir}/run'
saveCC='gcc'
saveCXX='g++ -std=gnu++11'
sbindir='${exec_prefix}/sbin'
sharedstatedir='${prefix}/com'
sysconfdir='${prefix}/etc'
target_alias=''

## ----------- ##
## confdefs.h. ##
## ----------- ##

/* confdefs.h */
#define PACKAGE_NAME "adolc"
#define PACKAGE_TARNAME "adolc"
#define PACKAGE_VERSION "2.7.0-trunk"
#define PACKAGE_STRING "adolc 2.7.0-trunk"
#define PACKAGE_BUGREPORT "adol-c@list.coin-or.org"
#define PACKAGE_URL ""
#define PACKAGE "adolc"
#define VERSION "2.7.0-trunk"
#define HAVE_CXX11 1
#define HAVE_STDIO_H 1
#define HAVE_STDLIB_H 1
#define HAVE_STRING_H 1
#define HAVE_INTTYPES_H 1
#define HAVE_STDINT_H 1
#define HAVE_STRINGS_H 1
#define HAVE_SYS_STAT_H 1
#define HAVE_SYS_TYPES_H 1
#define HAVE_UNISTD_H 1
#define HAVE_SYS_TIME_H 1
#define STDC_HEADERS 1
#define HAVE_DLFCN_H 1
#define LT_OBJDIR ".libs/"
#define SIZEOF_VOID_P 8
#define HAVE_BUILTIN_EXPECT 1
#define TIME_WITH_SYS_TIME 1
#define HAVE__BOOL 1
#define HAVE_STDBOOL_H 1
#define HAVE_STDDEF_H 1
#define HAVE_STDLIB_H 1
#define HAVE_STDIO_H 1
#define HAVE_STRING_H 1
#define HAVE_UNISTD_H 1
#define HAVE_SYS_TIMEB_H 1
#define HAVE_FLOOR 1
#define HAVE_FMAX 1
#define HAVE_FMIN 1
#define HAVE_FTIME 1
#define HAVE_POW 1
#define HAVE_SQRT 1
#define HAVE_CBRT 1
#define HAVE_STRCHR 1
#define HAVE_STRTOL 1
#define HAVE_TRUNC 1
#define ADOLC_VERSION 2
#define ADOLC_SUBVERSION 7
#define ADOLC_PATCHLEVEL 0
#define HAVE_MALLOC 1
#define HAVE_REALLOC 1
#define ADOLC_USE_CALLOC 1
#define ADOLC_ADOUBLE_STDCZERO 1
#define ADOLC_TAPE_DOC_VALUES 1

configure: exit 0

## ---------------------- ##
## Running config.status. ##
## ---------------------- ##

This file was extended by adolc config.status 2.7.0-trunk, which was
generated by GNU Autoconf 2.72.  Invocation command line was

  CONFIG_FILES    = 
  CONFIG_HEADERS  = 
  CONFIG_LINKS    = 
  CONFIG_COMMANDS = 
  $ ./config.status adolclib.pc

on jinsens-mbp.lan

config.status:1262: creating adolclib.pc

## ---------------------- ##
## Running config.status. ##
## ---------------------- ##

This file was extended by adolc config.status 2.7.0-trunk, which was
generated by GNU Autoconf 2.72.  Invocation command line was

  CONFIG_FILES    = 
  CONFIG_HEADERS  = 
  CONFIG_LINKS    = 
  CONFIG_COMMANDS = 
  $ ./config.status adolclib.pc

on jinsens-mbp.lan

config.status:1262: creating adolclib.pc
